<?xml version="1.0" encoding="UTF-8"?>
<!-- Generated by org.testng.reporters.JUnitReportReporter -->
<testsuite skipped="0" hostname="PTS-LDR-1091L66" name="cucumberOptions.TestRunner" tests="5" failures="0" timestamp="2022-04-01T17:54:03 CDT" time="115.558" errors="1">
  <testcase name="runScenario" time="32.466" classname="cucumberOptions.TestRunner"/>
  <system-out/>
  <testcase name="runScenario" time="14.904" classname="cucumberOptions.TestRunner"/>
  <system-out/>
  <testcase name="runScenario" time="23.126" classname="cucumberOptions.TestRunner"/>
  <system-out/>
  <testcase name="runScenario" time="16.586" classname="cucumberOptions.TestRunner"/>
  <system-out/>
  <testcase name="runScenario" time="28.476" classname="cucumberOptions.TestRunner">
    <error type="org.openqa.selenium.NoSuchElementException" message="Unable to find element with locator By.xpath: //*[@class=&#039;_6t1WkM _3HqJxg&#039;]/div[4]/div/div[1]/div/div
For documentation on this error, please visit: https://selenium.dev/exceptions/#no_such_element
Build info: version: &#039;4.1.2&#039;, revision: &#039;9a5a329c5a&#039;
System info: host: &#039;PTS-LDR-1091L66&#039;, ip: &#039;192.168.0.103&#039;, os.name: &#039;Windows 10&#039;, os.arch: &#039;amd64&#039;, os.version: &#039;10.0&#039;, java.version: &#039;1.8.0_301&#039;
Driver info: driver.version: RemoteWebDriver">
      <![CDATA[org.openqa.selenium.NoSuchElementException: Unable to find element with locator By.xpath: //*[@class='_6t1WkM _3HqJxg']/div[4]/div/div[1]/div/div
For documentation on this error, please visit: https://selenium.dev/exceptions/#no_such_element
Build info: version: '4.1.2', revision: '9a5a329c5a'
System info: host: 'PTS-LDR-1091L66', ip: '192.168.0.103', os.name: 'Windows 10', os.arch: 'amd64', os.version: '10.0', java.version: '1.8.0_301'
Driver info: driver.version: RemoteWebDriver
at org.openqa.selenium.remote.ElementLocation$ElementFinder$2.findElement(ElementLocation.java:165)
at org.openqa.selenium.remote.ElementLocation.findElement(ElementLocation.java:60)
at org.openqa.selenium.remote.RemoteWebDriver.findElement(RemoteWebDriver.java:382)
at org.openqa.selenium.remote.RemoteWebDriver.findElement(RemoteWebDriver.java:374)
at org.openqa.selenium.support.pagefactory.DefaultElementLocator.findElement(DefaultElementLocator.java:70)
at org.openqa.selenium.support.pagefactory.internal.LocatingElementHandler.invoke(LocatingElementHandler.java:39)
at com.sun.proxy.$Proxy38.click(Unknown Source)
at stepDefinitions.StepDefinition.user_click_on_view_all_button(StepDefinition.java:50)
at âœ½.User click on ViewAll button(file:///C:/Users/sdharmy3/OneDrive%20-%20WBA/Desktop/Learning/Workspace/FlipKart/src/test/java/features/viewall.feature:8)
]]>
    </error>
  </testcase> <!-- runScenario -->
  <system-out/>
</testsuite> <!-- cucumberOptions.TestRunner -->
